<?xml version="1.0" encoding="UTF-8"?>
<testng-results ignored="0" total="1" passed="1" failed="0" skipped="0">
  <reporter-output>
  </reporter-output>
  <suite started-at="2023-10-18T11:14:53 BST" name="Suite" finished-at="2023-10-18T11:14:58 BST" duration-ms="4592">
    <groups>
    </groups>
    <test started-at="2023-10-18T11:14:53 BST" name="Test" finished-at="2023-10-18T11:14:58 BST" duration-ms="4592">
      <class name="com.lambdatest.TestNGTodo2">
        <test-method is-config="true" signature="setup(java.lang.reflect.Method,org.testng.ITestContext)[pri:0, instance:com.lambdatest.TestNGTodo2@6caf0677]" started-at="2023-10-18T11:14:53 BST" name="setup" finished-at="2023-10-18T11:14:55 BST" duration-ms="2076" status="PASS">
          <params>
            <param index="0">
              <value>
                <![CDATA[public void com.lambdatest.TestNGTodo2.basicTest() throws java.lang.InterruptedException]]>
              </value>
            </param>
            <param index="1">
              <value>
                <![CDATA[org.testng.TestRunner@1e16c0aa]]>
              </value>
            </param>
          </params>
          <reporter-output>
          </reporter-output>
        </test-method> <!-- setup -->
        <test-method signature="basicTest()[pri:0, instance:com.lambdatest.TestNGTodo2@6caf0677]" started-at="2023-10-18T11:14:55 BST" name="basicTest" finished-at="2023-10-18T11:14:57 BST" duration-ms="2200" status="PASS">
          <reporter-output>
          </reporter-output>
        </test-method> <!-- basicTest -->
        <test-method is-config="true" signature="tearDown()[pri:0, instance:com.lambdatest.TestNGTodo2@6caf0677]" started-at="2023-10-18T11:14:57 BST" name="tearDown" finished-at="2023-10-18T11:14:58 BST" duration-ms="265" status="PASS">
          <reporter-output>
          </reporter-output>
        </test-method> <!-- tearDown -->
      </class> <!-- com.lambdatest.TestNGTodo2 -->
    </test> <!-- Test -->
  </suite> <!-- Suite -->
</testng-results>
